{
  "last_execution_time": "2025-11-09T09:20:40.433722",
  "last_task_type": "bug_fix",
  "last_task_title": "URGENT: Fix 105 fixture scope errors and 28 test failures",
  "last_task_description": "{\n  \"context\": \"CRITICAL TEST INFRASTRUCTURE FAILURE - Use /ultrathink slash command to orchestrate comprehensive fix:\\n\\nFAILURE SUMMARY:\\n- 105 pytest-asyncio ScopeMismatch errors (module vs function scope)\\n- 28 failed tests across test suite\\n- 19 binary/SDK integration test errors\\n- 135 tests passing (must maintain)\\n\\nROOT CAUSES:\\n1. Fixture Scope Mismatch: Module-scoped fixtures (e2e_client, binary_client) accessing function-scoped pytest-asyncio _function_scoped_runner\\n2. Binary/SDK Integration: Connection refused, HTTP 500 errors\\n3. Backward Compatibility: test_anthropic_format_compatible failing\\n\\nULTRATHINK ORCHESTRATION STRATEGY:\\n1. Architect Agent: Design fixture scope resolution pattern\\n2. Research Agent: Investigate pytest-asyncio 1.2.0 best practices\\n3. Coder Agent: Implement fixture fixes and test repairs\\n4. Tester Agent: Validate fixes maintain existing test coverage\\n\\nIMPLEMENTATION STEPS:\\n1. Execute: /ultrathink analyze and fix test failures\\n2. Change all module-scoped async fixtures to function scope\\n3. OR add event_loop fixture at module scope\\n4. Fix binary proxy startup in test_binary_vs_sdk.py\\n5. Resolve test_anthropic_format_compatible\\n6. Run: ./RUN_TESTS.sh all\\n7. Verify: 0 errors, 0 failures, all tests passing\\n\\nFILES TO MODIFY:\\n- tests/test_binary_vs_sdk.py (fixture scopes)\\n- tests/test_sdk_e2e.py (fixture scopes)\\n- tests/conftest.py (event_loop fixture if needed)\\n\\nVALIDATION COMMAND:\\n./RUN_TESTS.sh all && echo SUCCESS\",\n  \"technical_requirements\": [\n    \"Fix pytest-asyncio fixture scope incompatibilities\",\n    \"Resolve ScopeMismatch: module scope fixtures using function scope event loops\",\n    \"Maintain backward compatibility with existing test patterns\",\n    \"Zero regression in 135 passing tests\"\n  ],\n  \"success_criteria\": [\n    \"Exit code 0 from ./RUN_TESTS.sh all\",\n    \"0 fixture scope errors\",\n    \"0 failed tests\",\n    \"All 273 tests passing or properly skipped\",\n    \"Root cause documented in test comments\"\n  ]\n}",
  "last_source_file": "",
  "session_started": true,
  "simulated": true,
  "context_strategy": "project",
  "execution_count": 74
}